#
# There is insufficient memory for the Java Runtime Environment to continue.
# Native memory allocation (mmap) failed to map 402653184 bytes. Error detail: G1 virtual space
# Possible reasons:
#   The system is out of physical RAM or swap space
#   This process is running with CompressedOops enabled, and the Java Heap may be blocking the growth of the native heap
# Possible solutions:
#   Reduce memory load on the system
#   Increase physical memory or swap space
#   Check if swap backing store is full
#   Decrease Java heap size (-Xmx/-Xms)
#   Decrease number of Java threads
#   Decrease Java thread stack sizes (-Xss)
#   Set larger code cache with -XX:ReservedCodeCacheSize=
#   JVM is running with Zero Based Compressed Oops mode in which the Java heap is
#     placed in the first 32GB address space. The Java Heap base address is the
#     maximum limit for the native heap growth. Please use -XX:HeapBaseMinAddress
#     to set the Java Heap base and to place the Java Heap above 32GB virtual address.
# This output file may be truncated or incomplete.
#
#  Out of Memory Error (os_windows.cpp:3631), pid=1256, tid=27748
#
# JRE version:  (22.0.1+8) (build )
# Java VM: OpenJDK 64-Bit Server VM (22.0.1+8-16, mixed mode, sharing, tiered, compressed oops, compressed class ptrs, g1 gc, windows-amd64)
# No core dump will be written. Minidumps are not enabled by default on client versions of Windows
#

---------------  S U M M A R Y ------------

Command Line: -javaagent:C:\Program Files\JetBrains\IntelliJ IDEA Community Edition 2024.1.4\lib\idea_rt.jar=58094:C:\Program Files\JetBrains\IntelliJ IDEA Community Edition 2024.1.4\bin -Dfile.encoding=UTF-8 -Dsun.stdout.encoding=UTF-8 -Dsun.stderr.encoding=UTF-8 Main

Host: Intel(R) Core(TM) i7-9750H CPU @ 2.60GHz, 12 cores, 23G,  Windows 11 , 64 bit Build 22621 (10.0.22621.3672)
Time: Thu Aug  8 16:55:21 2024 RTZ 3 (s 11 , 64 bit Build 22621 (10.0.22621.3672) elapsed time: 0.025489 seconds (0d 0h 0m 0s)

---------------  T H R E A D  ---------------

Current thread (0x00000231ebf48b70):  JavaThread "Unknown thread" [_thread_in_vm, id=27748, stack(0x000000ed99400000,0x000000ed99500000) (1024K)]

Stack: [0x000000ed99400000,0x000000ed99500000]
Native frames: (J=compiled Java code, j=interpreted, Vv=VM code, C=native code)
V  [jvm.dll+0x6e2279]  (no source info available)
V  [jvm.dll+0x874e33]  (no source info available)
V  [jvm.dll+0x87725e]  (no source info available)
V  [jvm.dll+0x877933]  (no source info available)
V  [jvm.dll+0x27fd76]  (no source info available)
V  [jvm.dll+0x6de915]  (no source info available)
V  [jvm.dll+0x6d341a]  (no source info available)
V  [jvm.dll+0x3589da]  (no source info available)
V  [jvm.dll+0x360f06]  (no source info available)
V  [jvm.dll+0x3b3e2e]  (no source info available)
V  [jvm.dll+0x3b40d8]  (no source info available)
V  [jvm.dll+0x32c59c]  (no source info available)
V  [jvm.dll+0x32d158]  (no source info available)
V  [jvm.dll+0x83ccdc]  (no source info available)
V  [jvm.dll+0x3c0d71]  (no source info available)
V  [jvm.dll+0x825ccc]  (no source info available)
V  [jvm.dll+0x45b8fe]  (no source info available)
V  [jvm.dll+0x45d781]  (no source info available)
C  [jli.dll+0x52a3]  (no source info available)
C  [ucrtbase.dll+0x29333]  (no source info available)
C  [KERNEL32.DLL+0x1257d]  (no source info available)
C  [ntdll.dll+0x5af28]  (no source info available)


---------------  P R O C E S S  ---------------

Threads class SMR info:
_java_thread_list=0x00007fffa611b1c8, length=0, elements={
}

Java Threads: ( => current thread )
Total: 0

Other Threads:
  0x00000231ebfcf200 WorkerThread "GC Thread#0"                     [id=11308, stack(0x000000ed99500000,0x000000ed99600000) (1024K)]
  0x00000231ebfdc170 ConcurrentGCThread "G1 Main Marker"            [id=28016, stack(0x000000ed99600000,0x000000ed99700000) (1024K)]
  0x00000231ebfdcb90 WorkerThread "G1 Conc#0"                       [id=30816, stack(0x000000ed99700000,0x000000ed99800000) (1024K)]

[error occurred during error reporting (printing all threads), id 0xc0000005, EXCEPTION_ACCESS_VIOLATION (0xc0000005) at pc=0x00007fffa586f367]
VM state: not at safepoint (not fully initialized)

VM Mutex/Monitor currently owned by a thread:  ([mutex/lock_event])
[0x00007fffa619bcb8] Heap_lock - owner thread: 0x00000231ebf48b70

Heap address: 0x0000000682800000, size: 6104 MB, Compressed Oops mode: Zero based, Oop shift amount: 3

CDS archive(s) mapped at: [0x0000000000000000-0x0000000000000000-0x0000000000000000), size 0, SharedBaseAddress: 0x0000000800000000, ArchiveRelocationMode: 1.
Narrow klass base: 0x0000000000000000, Narrow klass shift: 0, Narrow klass range: 0x0

GC Precious Log:
 CardTable entry size: 512
 Card Set container configuration: InlinePtr #cards 4 size 8 Array Of Cards #cards 32 size 80 Howl #buckets 8 coarsen threshold 7372 Howl Bitmap #cards 1024 size 144 coarsen threshold 921 Card regions per heap region 1 cards per card region 8192

Heap:
 garbage-first heap   total reserved 6250496K, committed 0K, used 0K [0x0000000682800000, 0x0000000800000000)
  region size 4096K, 0 young (0K), 0 survivors (0K)

[error occurred during error reporting (printing heap information), id 0xc0000005, EXCEPTION_ACCESS_VIOLATION (0xc0000005) at pc=0x00007fffa5c6e429]
GC Heap History (0 events):
No events

Dll operation events (1 events):
Event: 0.020 Loaded shared library C:\Users\serge\.jdks\openjdk-22.0.1\bin\java.dll

Deoptimization events (0 events):
No events

Classes loaded (0 events):
No events

Classes unloaded (0 events):
No events

Classes redefined (0 events):
No events

Internal exceptions (0 events):
No events

ZGC Phase Switch (0 events):
No events

VM Operations (0 events):
No events

Events (0 events):
No events


Dynamic libraries:
0x00007ff79ea70000 - 0x00007ff79ea7e000 	C:\Users\serge\.jdks\openjdk-22.0.1\bin\java.exe
0x00007ff802c50000 - 0x00007ff802e67000 	C:\Windows\SYSTEM32\ntdll.dll
0x00007ff801470000 - 0x00007ff801534000 	C:\Windows\System32\KERNEL32.DLL
0x00007ff800410000 - 0x00007ff8007bd000 	C:\Windows\System32\KERNELBASE.dll
0x00007ff8007c0000 - 0x00007ff8008d1000 	C:\Windows\System32\ucrtbase.dll
0x00007ffff47f0000 - 0x00007ffff4807000 	C:\Users\serge\.jdks\openjdk-22.0.1\bin\jli.dll
0x00007ffff4520000 - 0x00007ffff453b000 	C:\Users\serge\.jdks\openjdk-22.0.1\bin\VCRUNTIME140.dll
0x00007ff801d50000 - 0x00007ff801efe000 	C:\Windows\System32\USER32.dll
0x00007fffee0a0000 - 0x00007fffee333000 	C:\Windows\WinSxS\amd64_microsoft.windows.common-controls_6595b64144ccf1df_6.0.22621.3672_none_2713b9d173822955\COMCTL32.dll
0x00007ff8003e0000 - 0x00007ff800406000 	C:\Windows\System32\win32u.dll
0x00007ff801260000 - 0x00007ff801307000 	C:\Windows\System32\msvcrt.dll
0x00007ff800a40000 - 0x00007ff800a69000 	C:\Windows\System32\GDI32.dll
0x00007fffffed0000 - 0x00007ffffffe9000 	C:\Windows\System32\gdi32full.dll
0x00007ff800280000 - 0x00007ff80031a000 	C:\Windows\System32\msvcp_win.dll
0x00007ff800d20000 - 0x00007ff800d51000 	C:\Windows\System32\IMM32.DLL
0x00007ffffb760000 - 0x00007ffffb76c000 	C:\Users\serge\.jdks\openjdk-22.0.1\bin\vcruntime140_1.dll
0x00007fffdd510000 - 0x00007fffdd59e000 	C:\Users\serge\.jdks\openjdk-22.0.1\bin\msvcp140.dll
0x00007fffa5530000 - 0x00007fffa6277000 	C:\Users\serge\.jdks\openjdk-22.0.1\bin\server\jvm.dll
0x00007ff800d60000 - 0x00007ff800e12000 	C:\Windows\System32\ADVAPI32.dll
0x00007ff801330000 - 0x00007ff8013d9000 	C:\Windows\System32\sechost.dll
0x00007ff8008e0000 - 0x00007ff800908000 	C:\Windows\System32\bcrypt.dll
0x00007ff801550000 - 0x00007ff801664000 	C:\Windows\System32\RPCRT4.dll
0x00007ff802a20000 - 0x00007ff802a91000 	C:\Windows\System32\WS2_32.dll
0x00007fffffe30000 - 0x00007fffffe7d000 	C:\Windows\SYSTEM32\POWRPROF.dll
0x00007ffff8710000 - 0x00007ffff8744000 	C:\Windows\SYSTEM32\WINMM.dll
0x00007ffff9200000 - 0x00007ffff920a000 	C:\Windows\SYSTEM32\VERSION.dll
0x00007fffffe10000 - 0x00007fffffe23000 	C:\Windows\SYSTEM32\UMPDC.dll
0x00007ffffef40000 - 0x00007ffffef58000 	C:\Windows\SYSTEM32\kernel.appcore.dll
0x00007ffffb730000 - 0x00007ffffb73a000 	C:\Users\serge\.jdks\openjdk-22.0.1\bin\jimage.dll
0x00007ffffd8f0000 - 0x00007ffffdb22000 	C:\Windows\SYSTEM32\DBGHELP.DLL
0x00007ff800e20000 - 0x00007ff8011a8000 	C:\Windows\System32\combase.dll
0x00007ff802ac0000 - 0x00007ff802b97000 	C:\Windows\System32\OLEAUT32.dll
0x00007ffff1b60000 - 0x00007ffff1b92000 	C:\Windows\SYSTEM32\dbgcore.DLL
0x00007ff800910000 - 0x00007ff80098b000 	C:\Windows\System32\bcryptPrimitives.dll
0x00007ffff8830000 - 0x00007ffff883f000 	C:\Users\serge\.jdks\openjdk-22.0.1\bin\instrument.dll
0x00007ffff3ef0000 - 0x00007ffff3f0e000 	C:\Users\serge\.jdks\openjdk-22.0.1\bin\java.dll
0x00007ff8021c0000 - 0x00007ff802a1f000 	C:\Windows\System32\SHELL32.dll
0x00007ff800b70000 - 0x00007ff800d15000 	C:\Windows\System32\ole32.dll

dbghelp: loaded successfully - version: 4.0.5 - missing functions: none
symbol engine: initialized successfully - sym options: 0x614 - pdb path: .;C:\Users\serge\.jdks\openjdk-22.0.1\bin;C:\Windows\SYSTEM32;C:\Windows\WinSxS\amd64_microsoft.windows.common-controls_6595b64144ccf1df_6.0.22621.3672_none_2713b9d173822955;C:\Users\serge\.jdks\openjdk-22.0.1\bin\server

VM Arguments:
jvm_args: -javaagent:C:\Program Files\JetBrains\IntelliJ IDEA Community Edition 2024.1.4\lib\idea_rt.jar=58094:C:\Program Files\JetBrains\IntelliJ IDEA Community Edition 2024.1.4\bin -Dfile.encoding=UTF-8 -Dsun.stdout.encoding=UTF-8 -Dsun.stderr.encoding=UTF-8 
java_command: Main
java_class_path (initial): E:\OOP\Lesson\HomeWork\out\production\HomeWork
Launcher Type: SUN_STANDARD

[Global flags]
     intx CICompilerCount                          = 4                                         {product} {ergonomic}
     uint ConcGCThreads                            = 3                                         {product} {ergonomic}
     uint G1ConcRefinementThreads                  = 10                                        {product} {ergonomic}
   size_t G1HeapRegionSize                         = 4194304                                   {product} {ergonomic}
   size_t InitialHeapSize                          = 402653184                                 {product} {ergonomic}
   size_t MarkStackSize                            = 4194304                                   {product} {ergonomic}
   size_t MaxHeapSize                              = 6400507904                                {product} {ergonomic}
   size_t MinHeapDeltaBytes                        = 4194304                                   {product} {ergonomic}
   size_t MinHeapSize                              = 8388608                                   {product} {ergonomic}
    uintx NonNMethodCodeHeapSize                   = 5839372                                {pd product} {ergonomic}
    uintx NonProfiledCodeHeapSize                  = 122909434                              {pd product} {ergonomic}
    uintx ProfiledCodeHeapSize                     = 122909434                              {pd product} {ergonomic}
    uintx ReservedCodeCacheSize                    = 251658240                              {pd product} {ergonomic}
     bool SegmentedCodeCache                       = true                                      {product} {ergonomic}
   size_t SoftMaxHeapSize                          = 6400507904                             {manageable} {ergonomic}
     bool UseCompressedOops                        = true                           {product lp64_product} {ergonomic}
     bool UseG1GC                                  = true                                      {product} {ergonomic}
     bool UseLargePagesIndividualAllocation        = false                                  {pd product} {ergonomic}

Logging:
Log output configuration:
 #0: stdout all=warning uptime,level,tags foldmultilines=false
 #1: stderr all=off uptime,level,tags foldmultilines=false

Environment Variables:
JAVA_HOME=C:\jdk\OpenJDK-22
PATH=C:\Windows\system32;C:\Windows;C:\Windows\System32\Wbem;C:\Windows\System32\WindowsPowerShell\v1.0\;C:\Windows\System32\OpenSSH\;C:\Program Files\Git\cmd;C:\Program Files\dotnet\;C:\jdk\OpenJDK-22\bin;C:\Users\serge\AppData\Local\Programs\Python\Python312\Scripts\;C:\Users\serge\AppData\Local\Programs\Python\Python312\;C:\Users\serge\AppData\Local\Microsoft\WindowsApps;;C:\Program Files\JetBrains\PyCharm Community Edition 2023.3.3\bin;;C:\Users\serge\AppData\Local\Programs\Microsoft VS Code\bin;C:\Users\serge\.dotnet\tools;C:\Users\serge\AppData\Roaming\Programs\Zero Install
USERNAME=serge
OS=Windows_NT
PROCESSOR_IDENTIFIER=Intel64 Family 6 Model 158 Stepping 10, GenuineIntel
TMP=C:\Users\serge\AppData\Local\Temp
TEMP=C:\Users\serge\AppData\Local\Temp




Periodic native trim disabled

---------------  S Y S T E M  ---------------

OS:
 Windows 11 , 64 bit Build 22621 (10.0.22621.3672)
OS uptime: 6 days 16:21 hours
Hyper-V role detected

CPU: total 12 (initial active 12) (6 cores per cpu, 2 threads per core) family 6 model 158 stepping 10 microcode 0xde, cx8, cmov, fxsr, ht, mmx, 3dnowpref, sse, sse2, sse3, ssse3, sse4.1, sse4.2, popcnt, lzcnt, tsc, tscinvbit, avx, avx2, aes, erms, clmul, bmi1, bmi2, adx, fma, vzeroupper, clflush, clflushopt, hv, rdtscp, f16c
Processor Information for all 12 processors :
  Max Mhz: 2592, Current Mhz: 2592, Mhz Limit: 2592

Memory: 4k page, system-wide physical 24413M (6725M free)
TotalPageFile size 24413M (AvailPageFile size 69M)
current process WorkingSet (physical memory assigned to process): 12M, peak: 12M
current process commit charge ("private bytes"): 64M, peak: 448M

vm_info: OpenJDK 64-Bit Server VM (22.0.1+8-16) for windows-amd64 JRE (22.0.1+8-16), built on 2024-03-12T10:33:16Z by "mach5one" with MS VC++ 17.6 (VS2022)

END.
