#
# There is insufficient memory for the Java Runtime Environment to continue.
# Native memory allocation (mmap) failed to map 402653184 bytes. Error detail: G1 virtual space
# Possible reasons:
#   The system is out of physical RAM or swap space
#   This process is running with CompressedOops enabled, and the Java Heap may be blocking the growth of the native heap
# Possible solutions:
#   Reduce memory load on the system
#   Increase physical memory or swap space
#   Check if swap backing store is full
#   Decrease Java heap size (-Xmx/-Xms)
#   Decrease number of Java threads
#   Decrease Java thread stack sizes (-Xss)
#   Set larger code cache with -XX:ReservedCodeCacheSize=
#   JVM is running with Zero Based Compressed Oops mode in which the Java heap is
#     placed in the first 32GB address space. The Java Heap base address is the
#     maximum limit for the native heap growth. Please use -XX:HeapBaseMinAddress
#     to set the Java Heap base and to place the Java Heap above 32GB virtual address.
# This output file may be truncated or incomplete.
#
#  Out of Memory Error (os_windows.cpp:3825), pid=23140, tid=23760
#
# JRE version:  (17.0.11+1) (build )
# Java VM: OpenJDK 64-Bit Server VM (17.0.11+1-b1207.24, mixed mode, sharing, tiered, compressed oops, compressed class ptrs, g1 gc, windows-amd64)
# No core dump will be written. Minidumps are not enabled by default on client versions of Windows
#

---------------  S U M M A R Y ------------

Command Line: git4idea.http.GitAskPassApp Username for 'https://github.com': 

Host: Intel(R) Core(TM) i7-9750H CPU @ 2.60GHz, 12 cores, 23G,  Windows 11 , 64 bit Build 22621 (10.0.22621.3672)
Time: Thu Aug  8 17:17:25 2024 RTZ 3 (s 11 , 64 bit Build 22621 (10.0.22621.3672) elapsed time: 0.011018 seconds (0d 0h 0m 0s)

---------------  T H R E A D  ---------------

Current thread (0x000001dfff0e0f80):  JavaThread "Unknown thread" [_thread_in_vm, id=23760, stack(0x000000b6fe700000,0x000000b6fe800000)]

Stack: [0x000000b6fe700000,0x000000b6fe800000]
Native frames: (J=compiled Java code, j=interpreted, Vv=VM code, C=native code)
V  [jvm.dll+0x6877f9]
V  [jvm.dll+0x8411aa]
V  [jvm.dll+0x842e2e]
V  [jvm.dll+0x843493]
V  [jvm.dll+0x249fdf]
V  [jvm.dll+0x6845c9]
V  [jvm.dll+0x678e7a]
V  [jvm.dll+0x30ab4b]
V  [jvm.dll+0x311ff6]
V  [jvm.dll+0x361a5e]
V  [jvm.dll+0x361c8f]
V  [jvm.dll+0x2e0978]
V  [jvm.dll+0x2e18e4]
V  [jvm.dll+0x811c71]
V  [jvm.dll+0x36f7c8]
V  [jvm.dll+0x7f05f6]
V  [jvm.dll+0x3f398f]
V  [jvm.dll+0x3f5541]
C  [jli.dll+0x528f]
C  [ucrtbase.dll+0x29333]
C  [KERNEL32.DLL+0x1257d]
C  [ntdll.dll+0x5af28]


---------------  P R O C E S S  ---------------

Threads class SMR info:
_java_thread_list=0x00007fffa612efd8, length=0, elements={
}

Java Threads: ( => current thread )

Other Threads:
  0x000001dfff1679c0 GCTaskThread "GC Thread#0" [stack: 0x000000b6fe800000,0x000000b6fe900000] [id=16112]
  0x000001dfff1746e0 ConcurrentGCThread "G1 Main Marker" [stack: 0x000000b6fe900000,0x000000b6fea00000] [id=32492]
  0x000001dfff175010 ConcurrentGCThread "G1 Conc#0" [stack: 0x000000b6fea00000,0x000000b6feb00000] [id=10528]

[error occurred during error reporting (printing all threads), id 0xc0000005, EXCEPTION_ACCESS_VIOLATION (0xc0000005) at pc=0x00007fffa58e1547]

VM state: not at safepoint (not fully initialized)

VM Mutex/Monitor currently owned by a thread:  ([mutex/lock_event])
[0x000001dfff0dc860] Heap_lock - owner thread: 0x000001dfff0e0f80

Heap address: 0x0000000682800000, size: 6104 MB, Compressed Oops mode: Zero based, Oop shift amount: 3

CDS archive(s) mapped at: [0x0000000000000000-0x0000000000000000-0x0000000000000000), size 0, SharedBaseAddress: 0x0000000800000000, ArchiveRelocationMode: 1.
Narrow klass base: 0x0000000000000000, Narrow klass shift: 0, Narrow klass range: 0x0

GC Precious Log:
<Empty>

Heap:
 garbage-first heap   total 0K, used 0K [0x0000000682800000, 0x0000000800000000)
  region size 4096K, 0 young (0K), 0 survivors (0K)
 Metaspace       used 0K, committed 0K, reserved 0K
  class space    used 0K, committed 0K, reserved 0K

Heap Regions: E=young(eden), S=young(survivor), O=old, HS=humongous(starts), HC=humongous(continues), CS=collection set, F=free, OA=open archive, CA=closed archive, TAMS=top-at-mark-start (previous, next)

Card table byte_map: [0x000001df932c0000,0x000001df93eb0000] _byte_map_base: 0x000001df8feac000

Marking Bits (Prev, Next): (CMBitMap*) 0x000001dfff167ef0, (CMBitMap*) 0x000001dfff167f30
 Prev Bits: [0x000001df94aa0000, 0x000001df9aa00000)
 Next Bits: [0x000001df9aa00000, 0x000001dfa0960000)

GC Heap History (0 events):
No events

Dll operation events (1 events):
Event: 0.007 Loaded shared library C:\Program Files\JetBrains\IntelliJ IDEA Community Edition 2024.1.4\jbr\bin\java.dll

Deoptimization events (0 events):
No events

Classes unloaded (0 events):
No events

Classes redefined (0 events):
No events

Internal exceptions (0 events):
No events

VM Operations (0 events):
No events

Events (0 events):
No events


Dynamic libraries:
0x00007ff7bb150000 - 0x00007ff7bb15a000 	C:\Program Files\JetBrains\IntelliJ IDEA Community Edition 2024.1.4\jbr\bin\java.exe
0x00007ff802c50000 - 0x00007ff802e67000 	C:\Windows\SYSTEM32\ntdll.dll
0x00007ff801470000 - 0x00007ff801534000 	C:\Windows\System32\KERNEL32.DLL
0x00007ff800410000 - 0x00007ff8007bd000 	C:\Windows\System32\KERNELBASE.dll
0x00007ff8007c0000 - 0x00007ff8008d1000 	C:\Windows\System32\ucrtbase.dll
0x00007fffdd3e0000 - 0x00007fffdd3fb000 	C:\Program Files\JetBrains\IntelliJ IDEA Community Edition 2024.1.4\jbr\bin\VCRUNTIME140.dll
0x00007ffff3ef0000 - 0x00007ffff3f07000 	C:\Program Files\JetBrains\IntelliJ IDEA Community Edition 2024.1.4\jbr\bin\jli.dll
0x00007ff801d50000 - 0x00007ff801efe000 	C:\Windows\System32\USER32.dll
0x00007ff8003e0000 - 0x00007ff800406000 	C:\Windows\System32\win32u.dll
0x00007fffee0a0000 - 0x00007fffee333000 	C:\Windows\WinSxS\amd64_microsoft.windows.common-controls_6595b64144ccf1df_6.0.22621.3672_none_2713b9d173822955\COMCTL32.dll
0x00007ff800a40000 - 0x00007ff800a69000 	C:\Windows\System32\GDI32.dll
0x00007ff801260000 - 0x00007ff801307000 	C:\Windows\System32\msvcrt.dll
0x00007fffffed0000 - 0x00007ffffffe9000 	C:\Windows\System32\gdi32full.dll
0x00007ff800280000 - 0x00007ff80031a000 	C:\Windows\System32\msvcp_win.dll
0x00007ff800d20000 - 0x00007ff800d51000 	C:\Windows\System32\IMM32.DLL
0x00007ffffbe90000 - 0x00007ffffbe9c000 	C:\Program Files\JetBrains\IntelliJ IDEA Community Edition 2024.1.4\jbr\bin\vcruntime140_1.dll
0x00007fffcb6d0000 - 0x00007fffcb75d000 	C:\Program Files\JetBrains\IntelliJ IDEA Community Edition 2024.1.4\jbr\bin\msvcp140.dll
0x00007fffa55f0000 - 0x00007fffa6273000 	C:\Program Files\JetBrains\IntelliJ IDEA Community Edition 2024.1.4\jbr\bin\server\jvm.dll
0x00007ff800d60000 - 0x00007ff800e12000 	C:\Windows\System32\ADVAPI32.dll
0x00007ff801330000 - 0x00007ff8013d9000 	C:\Windows\System32\sechost.dll
0x00007ff8008e0000 - 0x00007ff800908000 	C:\Windows\System32\bcrypt.dll
0x00007ff801550000 - 0x00007ff801664000 	C:\Windows\System32\RPCRT4.dll
0x00007fffffe30000 - 0x00007fffffe7d000 	C:\Windows\SYSTEM32\POWRPROF.dll
0x00007ffffc310000 - 0x00007ffffc319000 	C:\Windows\SYSTEM32\WSOCK32.dll
0x00007ff802a20000 - 0x00007ff802a91000 	C:\Windows\System32\WS2_32.dll
0x00007ffff9200000 - 0x00007ffff920a000 	C:\Windows\SYSTEM32\VERSION.dll
0x00007ffff8710000 - 0x00007ffff8744000 	C:\Windows\SYSTEM32\WINMM.dll
0x00007fffffe10000 - 0x00007fffffe23000 	C:\Windows\SYSTEM32\UMPDC.dll
0x00007ffffef40000 - 0x00007ffffef58000 	C:\Windows\SYSTEM32\kernel.appcore.dll
0x00007ffffb760000 - 0x00007ffffb76a000 	C:\Program Files\JetBrains\IntelliJ IDEA Community Edition 2024.1.4\jbr\bin\jimage.dll
0x00007ffffd8f0000 - 0x00007ffffdb22000 	C:\Windows\SYSTEM32\DBGHELP.DLL
0x00007ff800e20000 - 0x00007ff8011a8000 	C:\Windows\System32\combase.dll
0x00007ff802ac0000 - 0x00007ff802b97000 	C:\Windows\System32\OLEAUT32.dll
0x00007ffff1b60000 - 0x00007ffff1b92000 	C:\Windows\SYSTEM32\dbgcore.DLL
0x00007ff800910000 - 0x00007ff80098b000 	C:\Windows\System32\bcryptPrimitives.dll
0x00007ffff47a0000 - 0x00007ffff47c5000 	C:\Program Files\JetBrains\IntelliJ IDEA Community Edition 2024.1.4\jbr\bin\java.dll

dbghelp: loaded successfully - version: 4.0.5 - missing functions: none
symbol engine: initialized successfully - sym options: 0x614 - pdb path: .;C:\Program Files\JetBrains\IntelliJ IDEA Community Edition 2024.1.4\jbr\bin;C:\Windows\SYSTEM32;C:\Windows\WinSxS\amd64_microsoft.windows.common-controls_6595b64144ccf1df_6.0.22621.3672_none_2713b9d173822955;C:\Program Files\JetBrains\IntelliJ IDEA Community Edition 2024.1.4\jbr\bin\server

VM Arguments:
java_command: git4idea.http.GitAskPassApp Username for 'https://github.com': 
java_class_path (initial): C:/Program Files/JetBrains/IntelliJ IDEA Community Edition 2024.1.4/plugins/vcs-git/lib/git4idea-rt.jar;C:/Program Files/JetBrains/IntelliJ IDEA Community Edition 2024.1.4/lib/externalProcess-rt.jar
Launcher Type: SUN_STANDARD

[Global flags]
     intx CICompilerCount                          = 4                                         {product} {ergonomic}
     uint ConcGCThreads                            = 3                                         {product} {ergonomic}
     uint G1ConcRefinementThreads                  = 10                                        {product} {ergonomic}
   size_t G1HeapRegionSize                         = 4194304                                   {product} {ergonomic}
    uintx GCDrainStackTargetSize                   = 64                                        {product} {ergonomic}
   size_t InitialHeapSize                          = 402653184                                 {product} {ergonomic}
   size_t MarkStackSize                            = 4194304                                   {product} {ergonomic}
   size_t MaxHeapSize                              = 6400507904                                {product} {ergonomic}
   size_t MinHeapDeltaBytes                        = 4194304                                   {product} {ergonomic}
   size_t MinHeapSize                              = 8388608                                   {product} {ergonomic}
    uintx NonNMethodCodeHeapSize                   = 5839372                                {pd product} {ergonomic}
    uintx NonProfiledCodeHeapSize                  = 122909434                              {pd product} {ergonomic}
    uintx ProfiledCodeHeapSize                     = 122909434                              {pd product} {ergonomic}
    uintx ReservedCodeCacheSize                    = 251658240                              {pd product} {ergonomic}
     bool SegmentedCodeCache                       = true                                      {product} {ergonomic}
   size_t SoftMaxHeapSize                          = 6400507904                             {manageable} {ergonomic}
     bool UseCompressedClassPointers               = true                           {product lp64_product} {ergonomic}
     bool UseCompressedOops                        = true                           {product lp64_product} {ergonomic}
     bool UseG1GC                                  = true                                      {product} {ergonomic}
     bool UseLargePagesIndividualAllocation        = false                                  {pd product} {ergonomic}

Logging:
Log output configuration:
 #0: stdout all=warning uptime,level,tags
 #1: stderr all=off uptime,level,tags

Environment Variables:
JAVA_HOME=C:\jdk\OpenJDK-22
PATH=C:\Program Files\Git\mingw64\libexec\git-core;C:\Program Files\Git\mingw64\libexec\git-core;C:\Program Files\Git\mingw64\bin;C:\Program Files\Git\usr\bin;C:\Users\serge\bin;C:\Windows\system32;C:\Windows;C:\Windows\System32\Wbem;C:\Windows\System32\WindowsPowerShell\v1.0;C:\Windows\System32\OpenSSH;C:\Program Files\Git\cmd;C:\Program Files\dotnet;C:\jdk\OpenJDK-22\bin;C:\Users\serge\AppData\Local\Programs\Python\Python312\Scripts;C:\Users\serge\AppData\Local\Programs\Python\Python312;C:\Users\serge\AppData\Local\Microsoft\WindowsApps;C:\Program Files\JetBrains\PyCharm Community Edition 2023.3.3\bin;C:\Users\serge\AppData\Local\Programs\Microsoft VS Code\bin;C:\Users\serge\.dotnet\tools;C:\Users\serge\AppData\Roaming\Programs\Zero Install
USERNAME=serge
DISPLAY=:0.0
LC_ALL=en_US.UTF-8
TERM=xterm-256color
TMPDIR=C:\Users\serge\AppData\Local\Temp
OS=Windows_NT
PROCESSOR_IDENTIFIER=Intel64 Family 6 Model 158 Stepping 10, GenuineIntel
TMP=C:\Users\serge\AppData\Local\Temp
TEMP=C:\Users\serge\AppData\Local\Temp



Periodic native trim disabled

JNI global refs:
JNI global refs: 0, weak refs: 0

JNI global refs memory usage: 0, weak refs: 0

Process memory usage:
Resident Set Size: 11848K (0% of 24998964K total physical memory with 8357144K free physical memory)

OOME stack traces (most recent first):
Classloader memory used:


---------------  S Y S T E M  ---------------

OS:
 Windows 11 , 64 bit Build 22621 (10.0.22621.3672)
OS uptime: 6 days 16:43 hours
Hyper-V role detected

CPU: total 12 (initial active 12) (6 cores per cpu, 2 threads per core) family 6 model 158 stepping 10 microcode 0xde, cx8, cmov, fxsr, ht, mmx, 3dnowpref, sse, sse2, sse3, ssse3, sse4.1, sse4.2, popcnt, lzcnt, tsc, tscinvbit, avx, avx2, aes, erms, clmul, bmi1, bmi2, adx, fma, vzeroupper, clflush, clflushopt, hv
Processor Information for all 12 processors :
  Max Mhz: 2592, Current Mhz: 2592, Mhz Limit: 2592

Memory: 4k page, system-wide physical 24413M (8161M free)
TotalPageFile size 24413M (AvailPageFile size 279M)
current process WorkingSet (physical memory assigned to process): 11M, peak: 11M
current process commit charge ("private bytes"): 64M, peak: 448M

vm_info: OpenJDK 64-Bit Server VM (17.0.11+1-b1207.24) for windows-amd64 JRE (17.0.11+1-b1207.24), built on 2024-05-15 by "builduser" with MS VC++ 16.10 / 16.11 (VS2019)

END.
