2023-07-18 13:51:51 [INFO ] c.p.r.NativeLoader:233 - Start check license in other process
2023-07-18 13:51:51 [INFO ] c.p.r.NativeLoader:183 - ********************************
2023-07-18 13:51:51 [INFO ] c.p.r.NativeLoader:184 - Additional native libraries search paths: 
2023-07-18 13:51:51 [INFO ] c.p.r.NativeLoader:992 - D:\Program Files\JetBrains\IntelliJ IDEA Community Edition 2023.1.4\jbr\bin
2023-07-18 13:51:51 [INFO ] c.p.r.NativeLoader:220 - Additional not loaded native library found: D:\Program Files\JetBrains\IntelliJ IDEA Community Edition 2023.1.4\jbr\bin\server\jvm.dll
2023-07-18 13:51:51 [INFO ] c.p.r.NativeLoader:223 - ********************************
2023-07-18 13:51:51 [INFO ] c.p.r.NativeLoader:159 - ********************************
2023-07-18 13:51:51 [INFO ] c.p.r.NativeLoader:160 - Native library search paths: 
2023-07-18 13:51:51 [INFO ] c.p.r.NativeLoader:992 - C:\Users\Denis\AppData\Roaming\PVS-Studio-Java\7.25.72091
2023-07-18 13:51:51 [INFO ] c.p.r.NativeLoader:992 - .
2023-07-18 13:51:51 [INFO ] c.p.r.NativeLoader:992 - C:\Users\Denis\AppData\Roaming\PVS-Studio-Java\7.25.72091\..
2023-07-18 13:51:51 [INFO ] c.p.r.NativeLoader:992 - C:\Users\Denis\AppData\Roaming\PVS-Studio-Java\7.25.72091\..\..
2023-07-18 13:51:51 [INFO ] c.p.r.NativeLoader:992 - C:\Users\Denis\AppData\Roaming\PVS-Studio-Java\7.25.72091\..\..\build
2023-07-18 13:51:51 [INFO ] c.p.r.NativeLoader:162 - Additional path: native/win
2023-07-18 13:51:51 [INFO ] c.p.r.NativeLoader:171 - Native library found: C:\Users\Denis\AppData\Roaming\PVS-Studio-Java\7.25.72091\native\win\analysis-core.dll
2023-07-18 13:51:51 [INFO ] c.p.r.NativeLoader:172 - ********************************
2023-07-18 13:51:51 [INFO ] c.p.r.NativeLoader:235 - End check license in other process
2023-07-18 13:51:52 [INFO ] c.p.p.JsonEvaluator:49 - Module: GB_OOP_homeWork
2023-07-18 13:51:52 [INFO ] c.p.p.JsonEvaluator:50 - Sources:
2023-07-18 13:51:52 [INFO ] c.p.p.JsonEvaluator:75 - D:/Develop/GB/learn OOP/GB_OOP_homeWork/src
2023-07-18 13:51:52 [INFO ] c.p.p.JsonEvaluator:52 - Classpath:
2023-07-18 13:51:53 [INFO ] c.p.p.IncrementalLauncher:154 - Load model from cache...
2023-07-18 13:51:53 [INFO ] c.p.p.IncrementalLauncher:168 - Build model incrementally...
2023-07-18 13:51:53 [INFO ] c.p.p.IncrementalLauncher:169 - Current time: 1689677513523
2023-07-18 13:51:53 [INFO ] c.p.p.IncrementalLauncher:170 - Last build time: 1689676655791
2023-07-18 13:51:53 [INFO ] c.p.p.IncrementalLauncher:171 - Keyset size: 20
2023-07-18 13:51:53 [INFO ] c.p.p.IncrementalLauncher:172 - Input sources size: 20
2023-07-18 13:51:53 [INFO ] c.p.p.IncrementalLauncher:178 - Removed sources size: 0
2023-07-18 13:51:53 [INFO ] c.p.p.IncrementalLauncher:179 - Added sources size: 0
2023-07-18 13:51:53 [INFO ] c.p.p.IncrementalLauncher:180 - Common sources size: 20
2023-07-18 13:51:53 [INFO ] c.p.p.IncrementalLauncher:191 - Incremental sources size: 3
2023-07-18 13:51:53 [INFO ] c.p.p.IncrementalLauncher:194 - Old types size: 20
2023-07-18 13:51:53 [INFO ] c.p.p.IncrementalLauncher:205 - Changed types size: 3
2023-07-18 13:51:53 [INFO ] c.p.p.IncrementalLauncher:207 - Enter types loop
2023-07-18 13:51:53 [INFO ] c.p.p.IncrementalLauncher:229 - Exit types loop
2023-07-18 13:51:53 [INFO ] c.p.p.IncrementalLauncher:241 - Old packages size: 11
2023-07-18 13:51:53 [INFO ] c.p.p.IncrementalLauncher:250 - Data processed
2023-07-18 13:51:53 [INFO ] c.p.p.IncrementalLauncher:256 - Added: 0
2023-07-18 13:51:53 [INFO ] c.p.p.IncrementalLauncher:257 - Removed: 0
2023-07-18 13:51:53 [INFO ] c.p.p.IncrementalLauncher:258 - Modified : 5
2023-07-18 13:51:54 [INFO ] c.p.p.IncrementalLauncher:312 - Cache saving started.
2023-07-18 13:51:55 [WARN ] c.p.p.IncrementalLauncher:319 - Spoon compile error: The import GenerationTree.Tree.GenerationTree cannot be resolved at D:\Develop\GB\learn OOP\GB_OOP_homeWork\src\GenerationTree\Person\Person.java:9
spoon.support.compiler.SnippetCompilationError: The import GenerationTree.Tree.GenerationTree cannot be resolved at D:\Develop\GB\learn OOP\GB_OOP_homeWork\src\GenerationTree\Person\Person.java:9
	at spoon.support.compiler.jdt.JDTBasedSpoonCompiler.reportProblemsWhenCompiling(JDTBasedSpoonCompiler.java:609)
	at spoon.support.compiler.jdt.JDTBasedSpoonCompiler.compile(JDTBasedSpoonCompiler.java:167)
	at com.pvsstudio.projects.IncrementalLauncher.saveCache(IncrementalLauncher.java:315)
	at com.pvsstudio.projects.Module.build(Module.java:379)
	at com.pvsstudio.runner.ModuleModelBuilder.createModuleWorkerWithBuiltModelAndAnalyzeTasksForModule(ModuleModelBuilder.java:136)
	at com.pvsstudio.runner.AnalyzerRunner.run(AnalyzerRunner.java:93)
	at com.pvsstudio.Main.main(Main.java:581)
2023-07-18 13:51:55 [INFO ] c.p.p.IncrementalLauncher:355 - Cache saving finished.
2023-07-18 13:51:55 [INFO ] c.p.p.Module:383 - Model build success.
2023-07-18 13:51:55 [INFO ] c.p.r.NativeLoader:183 - ********************************
2023-07-18 13:51:55 [INFO ] c.p.r.NativeLoader:184 - Additional native libraries search paths: 
2023-07-18 13:51:55 [INFO ] c.p.r.NativeLoader:992 - D:\Program Files\JetBrains\IntelliJ IDEA Community Edition 2023.1.4\jbr\bin
2023-07-18 13:51:55 [INFO ] c.p.r.NativeLoader:220 - Additional not loaded native library found: D:\Program Files\JetBrains\IntelliJ IDEA Community Edition 2023.1.4\jbr\bin\server\jvm.dll
2023-07-18 13:51:55 [INFO ] c.p.r.NativeLoader:223 - ********************************
2023-07-18 13:51:55 [INFO ] c.p.r.NativeLoader:159 - ********************************
2023-07-18 13:51:55 [INFO ] c.p.r.NativeLoader:160 - Native library search paths: 
2023-07-18 13:51:55 [INFO ] c.p.r.NativeLoader:992 - C:\Users\Denis\AppData\Roaming\PVS-Studio-Java\7.25.72091
2023-07-18 13:51:55 [INFO ] c.p.r.NativeLoader:992 - .
2023-07-18 13:51:55 [INFO ] c.p.r.NativeLoader:992 - C:\Users\Denis\AppData\Roaming\PVS-Studio-Java\7.25.72091\..
2023-07-18 13:51:55 [INFO ] c.p.r.NativeLoader:992 - C:\Users\Denis\AppData\Roaming\PVS-Studio-Java\7.25.72091\..\..
2023-07-18 13:51:55 [INFO ] c.p.r.NativeLoader:992 - C:\Users\Denis\AppData\Roaming\PVS-Studio-Java\7.25.72091\..\..\build
2023-07-18 13:51:55 [INFO ] c.p.r.NativeLoader:162 - Additional path: native/win
2023-07-18 13:51:55 [INFO ] c.p.r.NativeLoader:171 - Native library found: C:\Users\Denis\AppData\Roaming\PVS-Studio-Java\7.25.72091\native\win\analysis-core.dll
2023-07-18 13:51:55 [INFO ] c.p.r.NativeLoader:172 - ********************************
